0 info it worked if it ends with ok
1 verbose cli [ 'node', '/bin/npm', 'install', 'chai', '-D' ]
2 info using npm@1.3.6
3 info using node@v0.10.42
4 verbose node symlink /bin/node
5 warn package.json helloworld-cloud@0.2.0 No repository field.
6 warn package.json fh-mbaas-api@5.12.0 No repository field.
7 verbose readDependencies using package.json deps
8 verbose cache add [ 'chai', null ]
9 verbose cache add name=undefined spec="chai" args=["chai",null]
10 verbose parsed url { protocol: null,
10 verbose parsed url   slashes: null,
10 verbose parsed url   auth: null,
10 verbose parsed url   host: null,
10 verbose parsed url   port: null,
10 verbose parsed url   hostname: null,
10 verbose parsed url   hash: null,
10 verbose parsed url   search: null,
10 verbose parsed url   query: null,
10 verbose parsed url   pathname: 'chai',
10 verbose parsed url   path: 'chai',
10 verbose parsed url   href: 'chai' }
11 silly lockFile 353fd541-chai chai
12 verbose lock chai /root/.npm/353fd541-chai.lock
13 silly lockFile 353fd541-chai chai
14 silly lockFile 353fd541-chai chai
15 verbose addNamed [ 'chai', '' ]
16 verbose addNamed [ null, '*' ]
17 silly lockFile 583c5f63-chai chai@
18 verbose lock chai@ /root/.npm/583c5f63-chai.lock
19 silly addNameRange { name: 'chai', range: '*', hasData: false }
20 verbose registry.get chai not expired, no request
21 silly addNameRange number 2 { name: 'chai', range: '*', hasData: true }
22 silly addNameRange versions [ 'chai',
22 silly addNameRange   [ '0.0.1',
22 silly addNameRange     '0.0.2',
22 silly addNameRange     '0.1.0',
22 silly addNameRange     '0.1.1',
22 silly addNameRange     '0.1.2',
22 silly addNameRange     '0.1.3',
22 silly addNameRange     '0.1.4',
22 silly addNameRange     '0.1.5',
22 silly addNameRange     '0.1.6',
22 silly addNameRange     '0.1.7',
22 silly addNameRange     '0.2.0',
22 silly addNameRange     '0.2.1',
22 silly addNameRange     '0.2.2',
22 silly addNameRange     '0.2.3',
22 silly addNameRange     '0.2.4',
22 silly addNameRange     '0.3.0',
22 silly addNameRange     '0.3.1',
22 silly addNameRange     '0.3.2',
22 silly addNameRange     '0.3.3',
22 silly addNameRange     '0.3.4',
22 silly addNameRange     '0.4.0',
22 silly addNameRange     '0.4.1',
22 silly addNameRange     '0.4.2',
22 silly addNameRange     '0.5.0',
22 silly addNameRange     '0.5.1',
22 silly addNameRange     '0.5.2',
22 silly addNameRange     '0.5.3',
22 silly addNameRange     '1.0.0',
22 silly addNameRange     '1.0.1',
22 silly addNameRange     '1.0.2',
22 silly addNameRange     '1.0.3',
22 silly addNameRange     '1.0.4',
22 silly addNameRange     '1.1.0',
22 silly addNameRange     '1.1.1',
22 silly addNameRange     '1.2.0',
22 silly addNameRange     '1.3.0',
22 silly addNameRange     '1.4.0',
22 silly addNameRange     '1.4.1',
22 silly addNameRange     '1.4.2',
22 silly addNameRange     '1.5.0',
22 silly addNameRange     '1.6.0',
22 silly addNameRange     '1.6.1',
22 silly addNameRange     '1.7.0',
22 silly addNameRange     '1.7.1',
22 silly addNameRange     '1.7.2',
22 silly addNameRange     '1.8.0',
22 silly addNameRange     '1.8.1',
22 silly addNameRange     '1.9.0',
22 silly addNameRange     '1.9.1',
22 silly addNameRange     '1.9.2',
22 silly addNameRange     '1.10.0',
22 silly addNameRange     '2.0.0',
22 silly addNameRange     '2.1.0',
22 silly addNameRange     '2.1.1',
22 silly addNameRange     '2.1.2',
22 silly addNameRange     '2.2.0',
22 silly addNameRange     '2.3.0',
22 silly addNameRange     '3.0.0',
22 silly addNameRange     '3.1.0',
22 silly addNameRange     '3.2.0',
22 silly addNameRange     '3.3.0',
22 silly addNameRange     '3.4.0',
22 silly addNameRange     '3.4.1',
22 silly addNameRange     '3.5.0' ] ]
23 verbose addNamed [ 'chai', '3.5.0' ]
24 verbose addNamed [ '3.5.0', '3.5.0' ]
25 silly lockFile e20a0303-chai-3-5-0 chai@3.5.0
26 verbose lock chai@3.5.0 /root/.npm/e20a0303-chai-3-5-0.lock
27 silly lockFile e20a0303-chai-3-5-0 chai@3.5.0
28 silly lockFile e20a0303-chai-3-5-0 chai@3.5.0
29 silly lockFile 583c5f63-chai chai@
30 silly lockFile 583c5f63-chai chai@
31 silly resolved [ { author: { name: 'Jake Luer', email: 'jake@alogicalparadox.com' },
31 silly resolved     name: 'chai',
31 silly resolved     description: 'BDD/TDD assertion library for node.js and the browser. Test framework agnostic.',
31 silly resolved     keywords: [ 'test', 'assertion', 'assert', 'testing', 'chai' ],
31 silly resolved     homepage: 'http://chaijs.com',
31 silly resolved     license: 'MIT',
31 silly resolved     contributors: [ [Object], [Object], [Object], [Object] ],
31 silly resolved     version: '3.5.0',
31 silly resolved     repository: { type: 'git', url: 'https://github.com/chaijs/chai' },
31 silly resolved     bugs: { url: 'https://github.com/chaijs/chai/issues' },
31 silly resolved     main: './index',
31 silly resolved     scripts: { test: 'make test' },
31 silly resolved     engines: { node: '>= 0.4.0' },
31 silly resolved     dependencies:
31 silly resolved      { 'assertion-error': '^1.0.1',
31 silly resolved        'deep-eql': '^0.1.3',
31 silly resolved        'type-detect': '^1.0.0' },
31 silly resolved     devDependencies:
31 silly resolved      { browserify: '^10.2.1',
31 silly resolved        'bump-cli': '^1.1.3',
31 silly resolved        karma: '^0.13.16',
31 silly resolved        'karma-mocha': '^0.1.10',
31 silly resolved        'karma-sauce-launcher': '^0.2.11',
31 silly resolved        'karma-phantomjs-launcher': '^0.2.0',
31 silly resolved        'karma-firefox-launcher': '^0.1.6',
31 silly resolved        mocha: '^2.2.5',
31 silly resolved        istanbul: '^0.3.14' },
31 silly resolved     readme: '[![Chai Documentation](http://chaijs.com/public/img/chai-logo.png)](http://chaijs.com)\n\n[![license:mit](https://img.shields.io/badge/license-mit-green.svg?style=flat-square)](#license)<br>\n[![tag:?](https://img.shields.io/github/tag/chaijs/chai.svg?style=flat-square)](https://github.com/chaijs/chai/releases)\n[![build:?](https://img.shields.io/travis/chaijs/chai/master.svg?style=flat-square)](https://travis-ci.org/chaijs/chai)\n[![coverage:?](https://img.shields.io/coveralls/chaijs/chai/master.svg?style=flat-square)](https://coveralls.io/r/chaijs/chai)<br>\n[![npm:](https://img.shields.io/npm/v/chai.svg?style=flat-square)](https://www.npmjs.com/packages/chai)\n[![dependencies:?](https://img.shields.io/npm/dm/chai.svg?style=flat-square)](https://www.npmjs.com/packages/chai)\n[![devDependencies:?](https://img.shields.io/david/chaijs/chai.svg?style=flat-square)](https://david-dm.org/chaijs/chai)\n\n[![Selenium Test Status](https://saucelabs.com/browser-matrix/chaijs.svg)](https://saucelabs.com/u/chaijs)\n\n[![Slack Status](https://chai-slack.herokuapp.com/badge.svg)]( https://chai-slack.herokuapp.com/)\n[![Join the chat at https://gitter.im/chaijs/chai](https://badges.gitter.im/Join%20Chat.svg)](https://gitter.im/chaijs/chai)\n\nChai is a BDD / TDD assertion library for [node](http://nodejs.org) and the browser that\ncan be delightfully paired with any javascript testing framework.\n\nFor more information or to download plugins, view the [documentation](http://chaijs.com).\n\n### Plugins\n\nChai offers a robust Plugin architecture for extending Chai\'s assertions and interfaces.\n\n- Need a plugin? View the [official plugin list](http://chaijs.com/plugins).\n- Have a plugin and want it listed? Open a Pull Request at [chaijs/chai-docs:plugin.js](https://github.com/chaijs/chai-docs/blob/master/plugins.js#L1-L12).\n- Want to build a plugin? Read the [plugin api documentation](http://chaijs.com/guide/plugins/).\n\n### Related Projects\n\n- [chaijs / assertion-error](https://github.com/chaijs/assertion-error): Custom `Error` constructor thrown upon an assertion failing.\n- [chaijs / deep-eql](https://github.com/chaijs/deep-eql): Improved deep equality testing for Node.js and the browser.\n- [chaijs / type-detect](https://github.com/chaijs/type-detect): Improved typeof detection for node.js and the browser.\n\n### Contributing\n\nThank you very much for considering to contribute!\n\nHere are a few issues other contributors frequently ran into when opening pull requests:\n\n- Please do not commit changes to the `chai.js` build. We do it once per release.\n- Before pushing your commits, please make sure you [rebase](https://github.com/chaijs/chai/blob/master/CONTRIBUTING.md#pull-requests) them.\n\nWe also strongly encourage you to read our detailed [contribution guidelines](https://github.com/chaijs/chai/blob/master/CONTRIBUTING.md).\n\n### Contributors\n\nPlease see the full\n[Contributors Graph](https://github.com/chaijs/chai/graphs/contributors) for our\nlist of contributors.\n\n### Core Contributors\n\nFeel free to reach out to any of the core contributors with your questions or\nconcerns. We will do our best to respond in a timely manner.\n\n[![Jake Luer](https://avatars3.githubusercontent.com/u/58988?v=3&s=50)](https://github.com/logicalparadox)\n[![Veselin Todorov](https://avatars3.githubusercontent.com/u/330048?v=3&s=50)](https://github.com/vesln)\n[![Keith Cirkel](https://avatars3.githubusercontent.com/u/118266?v=3&s=50)](https://github.com/keithamus)\n\n## License\n\n(The MIT License)\n\nCopyright (c) 2011-2015 Jake Luer <jake@alogicalparadox.com>\n\nPermission is hereby granted, free of charge, to any person obtaining a copy\nof this software and associated documentation files (the "Software"), to deal\nin the Software without restriction, including without limitation the rights\nto use, copy, modify, merge, publish, distribute, sublicense, and/or sell\ncopies of the Software, and to permit persons to whom the Software is\nfurnished to do so, subject to the following conditions:\n\nThe above copyright notice and this permission notice shall be included in\nall copies or substantial portions of the Software.\n\nTHE SOFTWARE IS PROVIDED "AS IS", WITHOUT WARRANTY OF ANY KIND, EXPRESS OR\nIMPLIED, INCLUDING BUT NOT LIMITED TO THE WARRANTIES OF MERCHANTABILITY,\nFITNESS FOR A PARTICULAR PURPOSE AND NONINFRINGEMENT. IN NO EVENT SHALL THE\nAUTHORS OR COPYRIGHT HOLDERS BE LIABLE FOR ANY CLAIM, DAMAGES OR OTHER\nLIABILITY, WHETHER IN AN ACTION OF CONTRACT, TORT OR OTHERWISE, ARISING FROM,\nOUT OF OR IN CONNECTION WITH THE SOFTWARE OR THE USE OR OTHER DEALINGS IN\nTHE SOFTWARE.\n',
31 silly resolved     readmeFilename: 'README.md',
31 silly resolved     _id: 'chai@3.5.0',
31 silly resolved     _from: 'chai@' } ]
32 info install chai@3.5.0 into /home/mhill/User-List---Matt--User-List---Matt-
33 info installOne chai@3.5.0
34 info /home/mhill/User-List---Matt--User-List---Matt-/node_modules/chai unbuild
35 info preuninstall chai@3.5.0
36 info uninstall chai@3.5.0
37 verbose true,/home/mhill/User-List---Matt--User-List---Matt-/node_modules,/home/mhill/User-List---Matt--User-List---Matt-/node_modules unbuild chai@3.5.0
38 info postuninstall chai@3.5.0
39 verbose tar unpack /root/.npm/chai/3.5.0/package.tgz
40 silly lockFile eae50a7d-User-List-Matt-node-modules-chai tar:///home/mhill/User-List---Matt--User-List---Matt-/node_modules/chai
41 verbose lock tar:///home/mhill/User-List---Matt--User-List---Matt-/node_modules/chai /root/.npm/eae50a7d-User-List-Matt-node-modules-chai.lock
42 silly lockFile 3894f7e2--root-npm-chai-3-5-0-package-tgz tar:///root/.npm/chai/3.5.0/package.tgz
43 verbose lock tar:///root/.npm/chai/3.5.0/package.tgz /root/.npm/3894f7e2--root-npm-chai-3-5-0-package-tgz.lock
44 silly gunzTarPerm modes [ '755', '644' ]
45 silly gunzTarPerm extractEntry package.json
46 silly gunzTarPerm extractEntry .npmignore
47 silly gunzTarPerm extractEntry README.md
48 silly gunzTarPerm extractEntry karma.sauce.js
49 silly gunzTarPerm extractEntry karma.conf.js
50 silly gunzTarPerm extractEntry index.js
51 silly gunzTarPerm extractEntry sauce.browsers.js
52 silly gunzTarPerm extractEntry chai.js
53 silly gunzTarPerm extractEntry CODE_OF_CONDUCT.md
54 silly gunzTarPerm extractEntry bower.json
55 silly gunzTarPerm extractEntry ReleaseNotes.md
56 silly gunzTarPerm extractEntry History.md
57 silly gunzTarPerm extractEntry lib/chai.js
58 silly gunzTarPerm extractEntry lib/chai/assertion.js
59 silly gunzTarPerm extractEntry lib/chai/config.js
60 silly gunzTarPerm extractEntry lib/chai/core/assertions.js
61 silly gunzTarPerm extractEntry lib/chai/interface/assert.js
62 silly gunzTarPerm extractEntry lib/chai/interface/expect.js
63 silly gunzTarPerm extractEntry lib/chai/interface/should.js
64 silly gunzTarPerm extractEntry lib/chai/utils/addChainableMethod.js
65 silly gunzTarPerm extractEntry lib/chai/utils/getMessage.js
66 silly gunzTarPerm extractEntry lib/chai/utils/getName.js
67 silly gunzTarPerm extractEntry lib/chai/utils/getPathInfo.js
68 silly gunzTarPerm extractEntry lib/chai/utils/getEnumerableProperties.js
69 silly gunzTarPerm extractEntry lib/chai/utils/getProperties.js
70 silly gunzTarPerm extractEntry lib/chai/utils/hasProperty.js
71 silly gunzTarPerm extractEntry lib/chai/utils/index.js
72 silly gunzTarPerm extractEntry lib/chai/utils/inspect.js
73 silly gunzTarPerm extractEntry lib/chai/utils/objDisplay.js
74 silly gunzTarPerm extractEntry lib/chai/utils/getActual.js
75 silly gunzTarPerm extractEntry lib/chai/utils/overwriteChainableMethod.js
76 silly gunzTarPerm extractEntry lib/chai/utils/flag.js
77 silly gunzTarPerm extractEntry lib/chai/utils/overwriteMethod.js
78 silly gunzTarPerm extractEntry lib/chai/utils/expectTypes.js
79 silly gunzTarPerm extractEntry lib/chai/utils/overwriteProperty.js
80 silly gunzTarPerm extractEntry lib/chai/utils/addProperty.js
81 silly gunzTarPerm extractEntry lib/chai/utils/test.js
82 silly gunzTarPerm extractEntry lib/chai/utils/addMethod.js
83 silly gunzTarPerm extractEntry lib/chai/utils/transferFlags.js
84 silly gunzTarPerm extractEntry lib/chai/utils/getPathValue.js
85 silly gunzTarPerm extractEntry CONTRIBUTING.md
86 silly lockFile eae50a7d-User-List-Matt-node-modules-chai tar:///home/mhill/User-List---Matt--User-List---Matt-/node_modules/chai
87 silly lockFile eae50a7d-User-List-Matt-node-modules-chai tar:///home/mhill/User-List---Matt--User-List---Matt-/node_modules/chai
88 silly lockFile 3894f7e2--root-npm-chai-3-5-0-package-tgz tar:///root/.npm/chai/3.5.0/package.tgz
89 silly lockFile 3894f7e2--root-npm-chai-3-5-0-package-tgz tar:///root/.npm/chai/3.5.0/package.tgz
90 info preinstall chai@3.5.0
91 verbose readDependencies using package.json deps
92 verbose readDependencies using package.json deps
93 verbose cache add [ 'assertion-error@^1.0.1', null ]
94 verbose cache add name=undefined spec="assertion-error@^1.0.1" args=["assertion-error@^1.0.1",null]
95 verbose parsed url { protocol: null,
95 verbose parsed url   slashes: null,
95 verbose parsed url   auth: null,
95 verbose parsed url   host: null,
95 verbose parsed url   port: null,
95 verbose parsed url   hostname: null,
95 verbose parsed url   hash: null,
95 verbose parsed url   search: null,
95 verbose parsed url   query: null,
95 verbose parsed url   pathname: 'assertion-error@^1.0.1',
95 verbose parsed url   path: 'assertion-error@^1.0.1',
95 verbose parsed url   href: 'assertion-error@^1.0.1' }
96 verbose cache add name="assertion-error" spec="^1.0.1" args=["assertion-error","^1.0.1"]
97 verbose parsed url { protocol: null,
97 verbose parsed url   slashes: null,
97 verbose parsed url   auth: null,
97 verbose parsed url   host: null,
97 verbose parsed url   port: null,
97 verbose parsed url   hostname: null,
97 verbose parsed url   hash: null,
97 verbose parsed url   search: null,
97 verbose parsed url   query: null,
97 verbose parsed url   pathname: '^1.0.1',
97 verbose parsed url   path: '^1.0.1',
97 verbose parsed url   href: '^1.0.1' }
98 verbose addNamed [ 'assertion-error', '^1.0.1' ]
99 verbose addNamed [ null, '>=1.0.1-0 <2.0.0-0' ]
100 silly lockFile e5c22c6d-assertion-error-1-0-1 assertion-error@^1.0.1
101 verbose lock assertion-error@^1.0.1 /root/.npm/e5c22c6d-assertion-error-1-0-1.lock
102 verbose cache add [ 'deep-eql@^0.1.3', null ]
103 verbose cache add name=undefined spec="deep-eql@^0.1.3" args=["deep-eql@^0.1.3",null]
104 verbose parsed url { protocol: null,
104 verbose parsed url   slashes: null,
104 verbose parsed url   auth: null,
104 verbose parsed url   host: null,
104 verbose parsed url   port: null,
104 verbose parsed url   hostname: null,
104 verbose parsed url   hash: null,
104 verbose parsed url   search: null,
104 verbose parsed url   query: null,
104 verbose parsed url   pathname: 'deep-eql@^0.1.3',
104 verbose parsed url   path: 'deep-eql@^0.1.3',
104 verbose parsed url   href: 'deep-eql@^0.1.3' }
105 verbose cache add name="deep-eql" spec="^0.1.3" args=["deep-eql","^0.1.3"]
106 verbose parsed url { protocol: null,
106 verbose parsed url   slashes: null,
106 verbose parsed url   auth: null,
106 verbose parsed url   host: null,
106 verbose parsed url   port: null,
106 verbose parsed url   hostname: null,
106 verbose parsed url   hash: null,
106 verbose parsed url   search: null,
106 verbose parsed url   query: null,
106 verbose parsed url   pathname: '^0.1.3',
106 verbose parsed url   path: '^0.1.3',
106 verbose parsed url   href: '^0.1.3' }
107 verbose addNamed [ 'deep-eql', '^0.1.3' ]
108 verbose addNamed [ null, '>=0.1.3-0 <0.2.0-0' ]
109 silly lockFile c0c3b032-deep-eql-0-1-3 deep-eql@^0.1.3
110 verbose lock deep-eql@^0.1.3 /root/.npm/c0c3b032-deep-eql-0-1-3.lock
111 verbose cache add [ 'type-detect@^1.0.0', null ]
112 verbose cache add name=undefined spec="type-detect@^1.0.0" args=["type-detect@^1.0.0",null]
113 verbose parsed url { protocol: null,
113 verbose parsed url   slashes: null,
113 verbose parsed url   auth: null,
113 verbose parsed url   host: null,
113 verbose parsed url   port: null,
113 verbose parsed url   hostname: null,
113 verbose parsed url   hash: null,
113 verbose parsed url   search: null,
113 verbose parsed url   query: null,
113 verbose parsed url   pathname: 'type-detect@^1.0.0',
113 verbose parsed url   path: 'type-detect@^1.0.0',
113 verbose parsed url   href: 'type-detect@^1.0.0' }
114 verbose cache add name="type-detect" spec="^1.0.0" args=["type-detect","^1.0.0"]
115 verbose parsed url { protocol: null,
115 verbose parsed url   slashes: null,
115 verbose parsed url   auth: null,
115 verbose parsed url   host: null,
115 verbose parsed url   port: null,
115 verbose parsed url   hostname: null,
115 verbose parsed url   hash: null,
115 verbose parsed url   search: null,
115 verbose parsed url   query: null,
115 verbose parsed url   pathname: '^1.0.0',
115 verbose parsed url   path: '^1.0.0',
115 verbose parsed url   href: '^1.0.0' }
116 verbose addNamed [ 'type-detect', '^1.0.0' ]
117 verbose addNamed [ null, '>=1.0.0-0 <2.0.0-0' ]
118 silly lockFile 51104c64-type-detect-1-0-0 type-detect@^1.0.0
119 verbose lock type-detect@^1.0.0 /root/.npm/51104c64-type-detect-1-0-0.lock
120 silly addNameRange { name: 'assertion-error',
120 silly addNameRange   range: '>=1.0.1-0 <2.0.0-0',
120 silly addNameRange   hasData: false }
121 silly addNameRange { name: 'deep-eql', range: '>=0.1.3-0 <0.2.0-0', hasData: false }
122 silly addNameRange { name: 'type-detect',
122 silly addNameRange   range: '>=1.0.0-0 <2.0.0-0',
122 silly addNameRange   hasData: false }
123 verbose registry.get assertion-error not expired, no request
124 silly addNameRange number 2 { name: 'assertion-error',
124 silly addNameRange   range: '>=1.0.1-0 <2.0.0-0',
124 silly addNameRange   hasData: true }
125 silly addNameRange versions [ 'assertion-error', [ '0.1.0', '1.0.0', '1.0.1', '1.0.2' ] ]
126 verbose addNamed [ 'assertion-error', '1.0.2' ]
127 verbose addNamed [ '1.0.2', '1.0.2' ]
128 silly lockFile 7d2f9a65-assertion-error-1-0-2 assertion-error@1.0.2
129 verbose lock assertion-error@1.0.2 /root/.npm/7d2f9a65-assertion-error-1-0-2.lock
130 verbose registry.get deep-eql not expired, no request
131 silly addNameRange number 2 { name: 'deep-eql', range: '>=0.1.3-0 <0.2.0-0', hasData: true }
132 silly addNameRange versions [ 'deep-eql', [ '0.1.0', '0.1.1', '0.1.2', '0.1.3' ] ]
133 verbose addNamed [ 'deep-eql', '0.1.3' ]
134 verbose addNamed [ '0.1.3', '0.1.3' ]
135 silly lockFile 9537c900-deep-eql-0-1-3 deep-eql@0.1.3
136 verbose lock deep-eql@0.1.3 /root/.npm/9537c900-deep-eql-0-1-3.lock
137 verbose registry.get type-detect not expired, no request
138 silly addNameRange number 2 { name: 'type-detect',
138 silly addNameRange   range: '>=1.0.0-0 <2.0.0-0',
138 silly addNameRange   hasData: true }
139 silly addNameRange versions [ 'type-detect',
139 silly addNameRange   [ '0.1.0', '0.1.1', '0.1.2', '1.0.0', '2.0.0', '2.0.1', '2.0.2' ] ]
140 verbose addNamed [ 'type-detect', '1.0.0' ]
141 verbose addNamed [ '1.0.0', '1.0.0' ]
142 silly lockFile 267fe762-type-detect-1-0-0 type-detect@1.0.0
143 verbose lock type-detect@1.0.0 /root/.npm/267fe762-type-detect-1-0-0.lock
144 silly lockFile 7d2f9a65-assertion-error-1-0-2 assertion-error@1.0.2
145 silly lockFile 7d2f9a65-assertion-error-1-0-2 assertion-error@1.0.2
146 silly lockFile 9537c900-deep-eql-0-1-3 deep-eql@0.1.3
147 silly lockFile 9537c900-deep-eql-0-1-3 deep-eql@0.1.3
148 silly lockFile e5c22c6d-assertion-error-1-0-1 assertion-error@^1.0.1
149 silly lockFile e5c22c6d-assertion-error-1-0-1 assertion-error@^1.0.1
150 silly lockFile c0c3b032-deep-eql-0-1-3 deep-eql@^0.1.3
151 silly lockFile c0c3b032-deep-eql-0-1-3 deep-eql@^0.1.3
152 silly lockFile 267fe762-type-detect-1-0-0 type-detect@1.0.0
153 silly lockFile 267fe762-type-detect-1-0-0 type-detect@1.0.0
154 silly lockFile 51104c64-type-detect-1-0-0 type-detect@^1.0.0
155 silly lockFile 51104c64-type-detect-1-0-0 type-detect@^1.0.0
156 silly resolved [ { name: 'assertion-error',
156 silly resolved     version: '1.0.2',
156 silly resolved     description: 'Error constructor for test and validation frameworks that implements standardized AssertionError specification.',
156 silly resolved     author:
156 silly resolved      { name: 'Jake Luer',
156 silly resolved        email: 'jake@qualiancy.com',
156 silly resolved        url: 'http://qualiancy.com' },
156 silly resolved     license: 'MIT',
156 silly resolved     keywords: [ 'test', 'assertion', 'assertion-error' ],
156 silly resolved     repository:
156 silly resolved      { type: 'git',
156 silly resolved        url: 'git@github.com:chaijs/assertion-error.git' },
156 silly resolved     engines: { node: '*' },
156 silly resolved     main: './index',
156 silly resolved     scripts: { test: 'make test' },
156 silly resolved     dependencies: {},
156 silly resolved     devDependencies: { component: '*' },
156 silly resolved     readme: '# AssertionError [![Build Status](https://travis-ci.org/chaijs/assertion-error.png?branch=master)](https://travis-ci.org/chaijs/assertion-error)\n\n> Error constructor for test and validation frameworks that implements standardized AssertionError specification.\n\n## Installation\n\n### Node.js\n\n`assertion-error` is available on [npm](http://npmjs.org).\n\n    $ npm install assertion-error\n\n### Component\n\n`assertion-error` is available as a [component](https://github.com/component/component).\n\n    $ component install chaijs/assertion-error\n\n## License\n\n(The MIT License)\n\nCopyright (c) 2013 Jake Luer <jake@qualiancy.com> (http://qualiancy.com)\n\nPermission is hereby granted, free of charge, to any person obtaining a copy\nof this software and associated documentation files (the "Software"), to deal\nin the Software without restriction, including without limitation the rights\nto use, copy, modify, merge, publish, distribute, sublicense, and/or sell\ncopies of the Software, and to permit persons to whom the Software is\nfurnished to do so, subject to the following conditions:\n\nThe above copyright notice and this permission notice shall be included in\nall copies or substantial portions of the Software.\n\nTHE SOFTWARE IS PROVIDED "AS IS", WITHOUT WARRANTY OF ANY KIND, EXPRESS OR\nIMPLIED, INCLUDING BUT NOT LIMITED TO THE WARRANTIES OF MERCHANTABILITY,\nFITNESS FOR A PARTICULAR PURPOSE AND NONINFRINGEMENT. IN NO EVENT SHALL THE\nAUTHORS OR COPYRIGHT HOLDERS BE LIABLE FOR ANY CLAIM, DAMAGES OR OTHER\nLIABILITY, WHETHER IN AN ACTION OF CONTRACT, TORT OR OTHERWISE, ARISING FROM,\nOUT OF OR IN CONNECTION WITH THE SOFTWARE OR THE USE OR OTHER DEALINGS IN\nTHE SOFTWARE.\n',
156 silly resolved     readmeFilename: 'README.md',
156 silly resolved     bugs: { url: 'https://github.com/chaijs/assertion-error/issues' },
156 silly resolved     _id: 'assertion-error@1.0.2',
156 silly resolved     _from: 'assertion-error@^1.0.1' },
156 silly resolved   { name: 'deep-eql',
156 silly resolved     version: '0.1.3',
156 silly resolved     description: 'Improved deep equality testing for Node.js and the browser.',
156 silly resolved     author: { name: 'Jake Luer', email: 'jake@alogicalparadox.com' },
156 silly resolved     license: 'MIT',
156 silly resolved     keywords: [ 'deep equal', 'object equal', 'testing', 'chai util' ],
156 silly resolved     repository: { type: 'git', url: 'git@github.com:chaijs/deep-eql.git' },
156 silly resolved     engines: { node: '*' },
156 silly resolved     main: './index',
156 silly resolved     scripts: { test: 'make test' },
156 silly resolved     dependencies: { 'type-detect': '0.1.1' },
156 silly resolved     devDependencies:
156 silly resolved      { component: '*',
156 silly resolved        coveralls: '2.0.16',
156 silly resolved        jscoverage: '0.3.7',
156 silly resolved        karma: '0.10.x',
156 silly resolved        'karma-mocha': '*',
156 silly resolved        mocha: '*',
156 silly resolved        'mocha-lcov-reporter': '0.0.1',
156 silly resolved        'simple-assert': '*' },
156 silly resolved     readme: '# deep-eql [![Build Status](https://travis-ci.org/chaijs/deep-eql.png?branch=master)](https://travis-ci.org/chaijs/deep-eql) [![Coverage Status](https://coveralls.io/repos/chaijs/deep-eql/badge.png?branch=master)](https://coveralls.io/r/chaijs/deep-eql?branch=master)\n\n> Improved deep equality testing for Node.js and the browser.\n\n## Installation\n\n### Node.js\n\n`deep-eql` is available on [npm](http://npmjs.org).\n\n    $ npm install deep-eql\n\n### Component\n\n`deep-eql` is available as a [component](https://github.com/component/component).\n\n    $ component install chaijs/deep-eql\n\n## Usage\n\n### Rules\n\n- Strict equality for non-traversable nodes according to [egal](http://wiki.ecmascript.org/doku.php?id=harmony:egal).\n  - `eql(NaN, NaN).should.be.true;`\n  - `eql(-0, +0).should.be.false;`\n- Arguments are not Arrays:\n  - `eql([], arguments).should.be.false;`\n  - `eql([], Array.prototype.slice.call(arguments)).should.be.true;`\n\n## License\n\n(The MIT License)\n\nCopyright (c) 2013 Jake Luer <jake@alogicalparadox.com>\n\nPermission is hereby granted, free of charge, to any person obtaining a copy\nof this software and associated documentation files (the "Software"), to deal\nin the Software without restriction, including without limitation the rights\nto use, copy, modify, merge, publish, distribute, sublicense, and/or sell\ncopies of the Software, and to permit persons to whom the Software is\nfurnished to do so, subject to the following conditions:\n\nThe above copyright notice and this permission notice shall be included in\nall copies or substantial portions of the Software.\n\nTHE SOFTWARE IS PROVIDED "AS IS", WITHOUT WARRANTY OF ANY KIND, EXPRESS OR\nIMPLIED, INCLUDING BUT NOT LIMITED TO THE WARRANTIES OF MERCHANTABILITY,\nFITNESS FOR A PARTICULAR PURPOSE AND NONINFRINGEMENT. IN NO EVENT SHALL THE\nAUTHORS OR COPYRIGHT HOLDERS BE LIABLE FOR ANY CLAIM, DAMAGES OR OTHER\nLIABILITY, WHETHER IN AN ACTION OF CONTRACT, TORT OR OTHERWISE, ARISING FROM,\nOUT OF OR IN CONNECTION WITH THE SOFTWARE OR THE USE OR OTHER DEALINGS IN\nTHE SOFTWARE.\n',
156 silly resolved     readmeFilename: 'README.md',
156 silly resolved     bugs: { url: 'https://github.com/chaijs/deep-eql/issues' },
156 silly resolved     _id: 'deep-eql@0.1.3',
156 silly resolved     _from: 'deep-eql@^0.1.3' },
156 silly resolved   { name: 'type-detect',
156 silly resolved     version: '1.0.0',
156 silly resolved     description: 'Improved typeof detection for node.js and the browser.',
156 silly resolved     author:
156 silly resolved      { name: 'Jake Luer',
156 silly resolved        email: 'jake@alogicalparadox.com',
156 silly resolved        url: 'http://alogicalparadox.com' },
156 silly resolved     license: 'MIT',
156 silly resolved     keywords: [],
156 silly resolved     repository: { type: 'git', url: 'git@github.com:chaijs/type-detect.git' },
156 silly resolved     engines: { node: '*' },
156 silly resolved     main: './index',
156 silly resolved     scripts: { test: 'make test' },
156 silly resolved     dependencies: {},
156 silly resolved     devDependencies:
156 silly resolved      { component: '*',
156 silly resolved        coveralls: '2.0.16',
156 silly resolved        jscoverage: '0.3.7',
156 silly resolved        mocha: '*',
156 silly resolved        'mocha-lcov-reporter': '0.0.1',
156 silly resolved        'mocha-phantomjs': '*',
156 silly resolved        'simple-assert': '*' },
156 silly resolved     readme: '# type-detect [![Build Status](https://travis-ci.org/chaijs/type-detect.png?branch=master)](https://travis-ci.org/chaijs/type-detect) [![Coverage Status](https://coveralls.io/repos/chaijs/type-detect/badge.png?branch=master)](https://coveralls.io/r/chaijs/type-detect?branch=master)\n\n> Improved typeof detection for node.js and the browser.\n\n## Installation\n\n### Node.js\n\n`type-detect` is available on [npm](http://npmjs.org).\n\n    $ npm install type-detect\n\n### Component\n\n`type-detect` is available as a [component](https://github.com/component/component).\n\n    $ component install chaijs/type-detect\n\n## Usage\n\n### Primary\n\nThe primary export of `type-detect` is function that can server as a replacement for \n`typeof`. The results of this function will be more specific than that of native `typeof`.\n\n```js\nvar type = require(\'type-detect\');\n```\n\n#### array\n\n```js\nassert(type([]) === \'array\');\nassert(type(new Array()) === \'array\');\n```\n\n#### regexp\n\n```js\nassert(type(/a-z/gi) === \'regexp\');\nassert(type(new RegExp(\'a-z\')) === \'regexp\');\n```\n\n#### function\n\n```js\nassert(type(function () {}) === \'function\');\n```\n\n#### arguments\n\n```js\n(function () {\n  assert(type(arguments) === \'arguments\');\n})();\n```\n\n#### date\n\n```js\nassert(type(new Date) === \'date\');\n```\n\n#### number\n\n```js\nassert(type(1) === \'number\');\nassert(type(1.234) === \'number\');\nassert(type(-1) === \'number\');\nassert(type(-1.234) === \'number\');\nassert(type(Infinity) === \'number\');\nassert(type(NaN) === \'number\');\nassert(type(new Number(1)) === \'number\');\n```\n\n#### string\n\n```js\nassert(type(\'hello world\') === \'string\');\nassert(type(new String(\'hello\')) === \'string\');\n```\n\n#### null\n\n```js\nassert(type(null) === \'null\');\nassert(type(undefined) !== \'null\');\n```\n\n#### undefined\n\n```js\nassert(type(undefined) === \'undefined\');\nassert(type(null) !== \'undefined\');\n```\n\n#### object\n\n```js\nvar Noop = function () {};\nassert(type({}) === \'object\');\nassert(type(Noop) !== \'object\');\nassert(type(new Noop) === \'object\');\nassert(type(new Object) === \'object\');\n```\n\n#### ECMA6 Types\n\nSupports all ECMA6 Types:\n\n```js\nassert(type(new Map() === \'map\');\nassert(type(new WeakMap()) === \'weakmap\');\nassert(type(new Set()) === \'set\');\nassert(type(new WeakSet()) === \'weakset\');\nassert(type(Symbol()) === \'symbol\');\nassert(type(new Promise(callback) === \'promise\');\nassert(type(new Int8Array()) === \'int8array\');\nassert(type(new Uint8Array()) === \'uint8array\');\nassert(type(new UInt8ClampedArray()) === \'uint8clampedarray\');\nassert(type(new Int16Array()) === \'int16array\');\nassert(type(new Uint16Array()) === \'uint16array\');\nassert(type(new Int32Array()) === \'int32array\');\nassert(type(new UInt32Array()) === \'uint32array\');\nassert(type(new Float32Array()) === \'float32array\');\nassert(type(new Float64Array()) === \'float64array\');\nassert(type(new ArrayBuffer()) === \'arraybuffer\');\nassert(type(new DataView(arrayBuffer)) === \'dataview\');\n```\n\nIf you use `Symbol.toStringTag` to change an Objects return value of the `toString()` Method, `type()` will return this value, e.g:\n\n```js\nvar myObject = {};\nmyObject[Symbol.toStringTag] = \'myCustomType\';\nassert(type(myObject) === \'myCustomType\');\n```\n\n### Library\n\nA `Library` is a small constructed repository for custom type detections.\n\n```js\nvar lib = new type.Library;\n```\n\n#### .of (obj)\n\n* **@param** _{Mixed}_ object to test\n* **@return** _{String}_  type\n\nExpose replacement `typeof` detection to the library.\n\n```js\nif (lib.of(\'hello world\') === \'string\') {\n  // ...\n}\n```\n\n\n#### .define (type, test)\n\n* **@param** _{String}_ type \n* **@param** _{RegExp|Function}_ test \n\nAdd a test to for the `.test()` assertion.\n\nCan be defined as a regular expression:\n\n```js\nlib.define(\'int\', /^[0-9]+$/);\n```\n\n... or as a function:\n\n```js\nlib.define(\'bln\', function (obj) {\n  if (lib.of(obj) === \'boolean\') return true;\n  var blns = [ \'yes\', \'no\', \'true\', \'false\', 1, 0 ];\n  if (lib.of(obj) === \'string\') obj = obj.toLowerCase();\n  return !! ~blns.indexOf(obj);\n});\n```\n\n\n#### .test (obj, test)\n\n* **@param** _{Mixed}_ object \n* **@param** _{String}_ type \n* **@return** _{Boolean}_  result\n\nAssert that an object is of type. Will first\ncheck natives, and if that does not pass it will\nuse the user defined custom tests.\n\n```js\nassert(lib.test(\'1\', \'int\'));\nassert(lib.test(\'yes\', \'bln\'));\n```\n\n\n\n\n## License\n\n(The MIT License)\n\nCopyright (c) 2013 Jake Luer <jake@alogicalparadox.com> (http://alogicalparadox.com)\n\nPermission is hereby granted, free of charge, to any person obtaining a copy\nof this software and associated documentation files (the "Software"), to deal\nin the Software without restriction, including without limitation the rights\nto use, copy, modify, merge, publish, distribute, sublicense, and/or sell\ncopies of the Software, and to permit persons to whom the Software is\nfurnished to do so, subject to the following conditions:\n\nThe above copyright notice and this permission notice shall be included in\nall copies or substantial portions of the Software.\n\nTHE SOFTWARE IS PROVIDED "AS IS", WITHOUT WARRANTY OF ANY KIND, EXPRESS OR\nIMPLIED, INCLUDING BUT NOT LIMITED TO THE WARRANTIES OF MERCHANTABILITY,\nFITNESS FOR A PARTICULAR PURPOSE AND NONINFRINGEMENT. IN NO EVENT SHALL THE\nAUTHORS OR COPYRIGHT HOLDERS BE LIABLE FOR ANY CLAIM, DAMAGES OR OTHER\nLIABILITY, WHETHER IN AN ACTION OF CONTRACT, TORT OR OTHERWISE, ARISING FROM,\nOUT OF OR IN CONNECTION WITH THE SOFTWARE OR THE USE OR OTHER DEALINGS IN\nTHE SOFTWARE.\n',
156 silly resolved     readmeFilename: 'README.md',
156 silly resolved     bugs: { url: 'https://github.com/chaijs/type-detect/issues' },
156 silly resolved     _id: 'type-detect@1.0.0',
156 silly resolved     _from: 'type-detect@^1.0.0' } ]
157 info install assertion-error@1.0.2 into /home/mhill/User-List---Matt--User-List---Matt-/node_modules/chai
158 info install deep-eql@0.1.3 into /home/mhill/User-List---Matt--User-List---Matt-/node_modules/chai
159 info install type-detect@1.0.0 into /home/mhill/User-List---Matt--User-List---Matt-/node_modules/chai
160 info installOne assertion-error@1.0.2
161 info installOne deep-eql@0.1.3
162 info installOne type-detect@1.0.0
163 info /home/mhill/User-List---Matt--User-List---Matt-/node_modules/chai/node_modules/assertion-error unbuild
164 info /home/mhill/User-List---Matt--User-List---Matt-/node_modules/chai/node_modules/deep-eql unbuild
165 info /home/mhill/User-List---Matt--User-List---Matt-/node_modules/chai/node_modules/type-detect unbuild
166 verbose tar unpack /root/.npm/assertion-error/1.0.2/package.tgz
167 silly lockFile 8437709f-hai-node-modules-assertion-error tar:///home/mhill/User-List---Matt--User-List---Matt-/node_modules/chai/node_modules/assertion-error
168 verbose lock tar:///home/mhill/User-List---Matt--User-List---Matt-/node_modules/chai/node_modules/assertion-error /root/.npm/8437709f-hai-node-modules-assertion-error.lock
169 silly lockFile 5f717bac-ssertion-error-1-0-2-package-tgz tar:///root/.npm/assertion-error/1.0.2/package.tgz
170 verbose lock tar:///root/.npm/assertion-error/1.0.2/package.tgz /root/.npm/5f717bac-ssertion-error-1-0-2-package-tgz.lock
171 verbose tar unpack /root/.npm/deep-eql/0.1.3/package.tgz
172 silly lockFile f7b2f5ee-dules-chai-node-modules-deep-eql tar:///home/mhill/User-List---Matt--User-List---Matt-/node_modules/chai/node_modules/deep-eql
173 verbose lock tar:///home/mhill/User-List---Matt--User-List---Matt-/node_modules/chai/node_modules/deep-eql /root/.npm/f7b2f5ee-dules-chai-node-modules-deep-eql.lock
174 silly lockFile 94c12652-t-npm-deep-eql-0-1-3-package-tgz tar:///root/.npm/deep-eql/0.1.3/package.tgz
175 verbose lock tar:///root/.npm/deep-eql/0.1.3/package.tgz /root/.npm/94c12652-t-npm-deep-eql-0-1-3-package-tgz.lock
176 verbose tar unpack /root/.npm/type-detect/1.0.0/package.tgz
177 silly lockFile 6bb3fde4-es-chai-node-modules-type-detect tar:///home/mhill/User-List---Matt--User-List---Matt-/node_modules/chai/node_modules/type-detect
178 verbose lock tar:///home/mhill/User-List---Matt--User-List---Matt-/node_modules/chai/node_modules/type-detect /root/.npm/6bb3fde4-es-chai-node-modules-type-detect.lock
179 silly lockFile f0c07902-pm-type-detect-1-0-0-package-tgz tar:///root/.npm/type-detect/1.0.0/package.tgz
180 verbose lock tar:///root/.npm/type-detect/1.0.0/package.tgz /root/.npm/f0c07902-pm-type-detect-1-0-0-package-tgz.lock
181 silly gunzTarPerm modes [ '755', '644' ]
182 silly gunzTarPerm modes [ '755', '644' ]
183 silly gunzTarPerm modes [ '755', '644' ]
184 silly gunzTarPerm extractEntry package.json
185 silly gunzTarPerm extractEntry package.json
186 silly gunzTarPerm extractEntry package.json
187 silly gunzTarPerm extractEntry .npmignore
188 silly gunzTarPerm extractEntry README.md
189 silly gunzTarPerm extractEntry .npmignore
190 silly gunzTarPerm extractEntry README.md
191 silly gunzTarPerm extractEntry .npmignore
192 silly gunzTarPerm extractEntry README.md
193 silly gunzTarPerm extractEntry index.js
194 silly gunzTarPerm extractEntry History.md
195 silly gunzTarPerm extractEntry index.js
196 silly gunzTarPerm extractEntry karma.conf.js
197 silly gunzTarPerm extractEntry index.js
198 silly gunzTarPerm extractEntry History.md
199 silly gunzTarPerm extractEntry History.md
200 silly gunzTarPerm extractEntry lib/eql.js
201 silly gunzTarPerm extractEntry ReleaseNotes.md
202 silly gunzTarPerm extractEntry lib/type.js
203 silly lockFile 8437709f-hai-node-modules-assertion-error tar:///home/mhill/User-List---Matt--User-List---Matt-/node_modules/chai/node_modules/assertion-error
204 silly lockFile 8437709f-hai-node-modules-assertion-error tar:///home/mhill/User-List---Matt--User-List---Matt-/node_modules/chai/node_modules/assertion-error
205 silly lockFile 5f717bac-ssertion-error-1-0-2-package-tgz tar:///root/.npm/assertion-error/1.0.2/package.tgz
206 silly lockFile 5f717bac-ssertion-error-1-0-2-package-tgz tar:///root/.npm/assertion-error/1.0.2/package.tgz
207 info preinstall assertion-error@1.0.2
208 verbose readDependencies using package.json deps
209 verbose readDependencies using package.json deps
210 silly resolved []
211 verbose about to build /home/mhill/User-List---Matt--User-List---Matt-/node_modules/chai/node_modules/assertion-error
212 info build /home/mhill/User-List---Matt--User-List---Matt-/node_modules/chai/node_modules/assertion-error
213 verbose linkStuff [ false,
213 verbose linkStuff   false,
213 verbose linkStuff   false,
213 verbose linkStuff   '/home/mhill/User-List---Matt--User-List---Matt-/node_modules/chai/node_modules' ]
214 info linkStuff assertion-error@1.0.2
215 verbose linkBins assertion-error@1.0.2
216 verbose linkMans assertion-error@1.0.2
217 verbose rebuildBundles assertion-error@1.0.2
218 info install assertion-error@1.0.2
219 info postinstall assertion-error@1.0.2
220 silly lockFile f7b2f5ee-dules-chai-node-modules-deep-eql tar:///home/mhill/User-List---Matt--User-List---Matt-/node_modules/chai/node_modules/deep-eql
221 silly lockFile f7b2f5ee-dules-chai-node-modules-deep-eql tar:///home/mhill/User-List---Matt--User-List---Matt-/node_modules/chai/node_modules/deep-eql
222 silly lockFile 94c12652-t-npm-deep-eql-0-1-3-package-tgz tar:///root/.npm/deep-eql/0.1.3/package.tgz
223 silly lockFile 94c12652-t-npm-deep-eql-0-1-3-package-tgz tar:///root/.npm/deep-eql/0.1.3/package.tgz
224 info preinstall deep-eql@0.1.3
225 verbose readDependencies using package.json deps
226 silly lockFile 6bb3fde4-es-chai-node-modules-type-detect tar:///home/mhill/User-List---Matt--User-List---Matt-/node_modules/chai/node_modules/type-detect
227 silly lockFile 6bb3fde4-es-chai-node-modules-type-detect tar:///home/mhill/User-List---Matt--User-List---Matt-/node_modules/chai/node_modules/type-detect
228 verbose readDependencies using package.json deps
229 silly lockFile f0c07902-pm-type-detect-1-0-0-package-tgz tar:///root/.npm/type-detect/1.0.0/package.tgz
230 silly lockFile f0c07902-pm-type-detect-1-0-0-package-tgz tar:///root/.npm/type-detect/1.0.0/package.tgz
231 verbose cache add [ 'type-detect@0.1.1', null ]
232 verbose cache add name=undefined spec="type-detect@0.1.1" args=["type-detect@0.1.1",null]
233 verbose parsed url { protocol: null,
233 verbose parsed url   slashes: null,
233 verbose parsed url   auth: null,
233 verbose parsed url   host: null,
233 verbose parsed url   port: null,
233 verbose parsed url   hostname: null,
233 verbose parsed url   hash: null,
233 verbose parsed url   search: null,
233 verbose parsed url   query: null,
233 verbose parsed url   pathname: 'type-detect@0.1.1',
233 verbose parsed url   path: 'type-detect@0.1.1',
233 verbose parsed url   href: 'type-detect@0.1.1' }
234 verbose cache add name="type-detect" spec="0.1.1" args=["type-detect","0.1.1"]
235 verbose parsed url { protocol: null,
235 verbose parsed url   slashes: null,
235 verbose parsed url   auth: null,
235 verbose parsed url   host: null,
235 verbose parsed url   port: null,
235 verbose parsed url   hostname: null,
235 verbose parsed url   hash: null,
235 verbose parsed url   search: null,
235 verbose parsed url   query: null,
235 verbose parsed url   pathname: '0.1.1',
235 verbose parsed url   path: '0.1.1',
235 verbose parsed url   href: '0.1.1' }
236 verbose addNamed [ 'type-detect', '0.1.1' ]
237 verbose addNamed [ '0.1.1', '0.1.1' ]
238 silly lockFile fa1359e4-type-detect-0-1-1 type-detect@0.1.1
239 verbose lock type-detect@0.1.1 /root/.npm/fa1359e4-type-detect-0-1-1.lock
240 info preinstall type-detect@1.0.0
241 verbose readDependencies using package.json deps
242 verbose readDependencies using package.json deps
243 silly resolved []
244 verbose about to build /home/mhill/User-List---Matt--User-List---Matt-/node_modules/chai/node_modules/type-detect
245 info build /home/mhill/User-List---Matt--User-List---Matt-/node_modules/chai/node_modules/type-detect
246 verbose linkStuff [ false,
246 verbose linkStuff   false,
246 verbose linkStuff   false,
246 verbose linkStuff   '/home/mhill/User-List---Matt--User-List---Matt-/node_modules/chai/node_modules' ]
247 info linkStuff type-detect@1.0.0
248 verbose linkBins type-detect@1.0.0
249 verbose linkMans type-detect@1.0.0
250 verbose rebuildBundles type-detect@1.0.0
251 info install type-detect@1.0.0
252 info postinstall type-detect@1.0.0
253 verbose registry.get type-detect/0.1.1 not expired, no request
254 silly lockFile fa1359e4-type-detect-0-1-1 type-detect@0.1.1
255 silly lockFile fa1359e4-type-detect-0-1-1 type-detect@0.1.1
256 silly resolved [ { name: 'type-detect',
256 silly resolved     version: '0.1.1',
256 silly resolved     description: 'Improved typeof detection for node.js and the browser.',
256 silly resolved     author:
256 silly resolved      { name: 'Jake Luer',
256 silly resolved        email: 'jake@alogicalparadox.com',
256 silly resolved        url: 'http://alogicalparadox.com' },
256 silly resolved     license: 'MIT',
256 silly resolved     keywords: [],
256 silly resolved     repository: { type: 'git', url: 'git@github.com:chaijs/type-detect.git' },
256 silly resolved     engines: { node: '*' },
256 silly resolved     main: './index',
256 silly resolved     scripts: { test: 'make test' },
256 silly resolved     dependencies: {},
256 silly resolved     devDependencies:
256 silly resolved      { component: '*',
256 silly resolved        coveralls: '2.0.16',
256 silly resolved        jscoverage: '0.3.7',
256 silly resolved        mocha: '*',
256 silly resolved        'mocha-lcov-reporter': '0.0.1',
256 silly resolved        'mocha-phantomjs': '*',
256 silly resolved        'simple-assert': '*' },
256 silly resolved     readme: '# type-detect [![Build Status](https://travis-ci.org/chaijs/type-detect.png?branch=master)](https://travis-ci.org/chaijs/type-detect) [![Coverage Status](https://coveralls.io/repos/chaijs/type-detect/badge.png?branch=master)](https://coveralls.io/r/chaijs/type-detect?branch=master)\n\n> Improved typeof detection for node.js and the browser.\n\n## Installation\n\n### Node.js\n\n`type-detect` is available on [npm](http://npmjs.org).\n\n    $ npm install type-detect\n\n### Component\n\n`type-detect` is available as a [component](https://github.com/component/component).\n\n    $ component install chaijs/type-detect\n\n## Usage\n\n### Primary\n\nThe primary export of `type-detect` is function that can server as a replacement for \n`typeof`. The results of this function will be more specific than that of native `typeof`.\n\n```js\nvar type = require(\'type-detect\');\n```\n\n#### array\n\n```js\nassert(\'array\' === type([]));\nassert(\'array\' === type(new Array()));\n```\n\n#### regexp\n\n```js\nassert(\'regexp\' === type(/a-z/gi));\nassert(\'regexp\' === type(new RegExp(\'a-z\')));\n```\n\n#### function\n\n```js\nassert(\'function\' === type(function () {}));\n```\n\n#### arguments\n\n```js\n(function () {\n  assert(\'arguments\' === type(arguments));\n})();\n```\n\n#### date\n\n```js\nassert(\'date\' === type(new Date));\n```\n\n#### number\n\n```js\nassert(\'number\' === type(1));\nassert(\'number\' === type(1.234));\nassert(\'number\' === type(-1));\nassert(\'number\' === type(-1.234));\nassert(\'number\' === type(Infinity));\nassert(\'number\' === type(NaN));\n```\n\n#### string\n\n```js\nassert(\'string\' === type(\'hello world\'));\n```\n\n#### null\n\n```js\nassert(\'null\' === type(null));\nassert(\'null\' !== type(undefined));\n```\n\n#### undefined\n\n```js\nassert(\'undefined\' === type(undefined));\nassert(\'undefined\' !== type(null));\n```\n\n#### object\n\n```js\nvar Noop = function () {};\nassert(\'object\' === type({}));\nassert(\'object\' !== type(Noop));\nassert(\'object\' === type(new Noop));\nassert(\'object\' === type(new Object));\nassert(\'object\' === type(new String(\'hello\')));\n```\n\n### Library\n\nA `Library` is a small constructed repository for custom type detections.\n\n```js\nvar lib = new type.Library;\n```\n\n#### .of (obj)\n\n* **@param** _{Mixed}_ object to test\n* **@return** _{String}_  type\n\nExpose replacement `typeof` detection to the library.\n\n```js\nif (\'string\' === lib.of(\'hello world\')) {\n  // ...\n}\n```\n\n\n#### .define (type, test)\n\n* **@param** _{String}_ type \n* **@param** _{RegExp|Function}_ test \n\nAdd a test to for the `.test()` assertion.\n\nCan be defined as a regular expression:\n\n```js\nlib.define(\'int\', /^[0-9]+$/);\n```\n\n... or as a function:\n\n```js\nlib.define(\'bln\', function (obj) {\n  if (\'boolean\' === lib.of(obj)) return true;\n  var blns = [ \'yes\', \'no\', \'true\', \'false\', 1, 0 ];\n  if (\'string\' === lib.of(obj)) obj = obj.toLowerCase();\n  return !! ~blns.indexOf(obj);\n});\n```\n\n\n#### .test (obj, test)\n\n* **@param** _{Mixed}_ object \n* **@param** _{String}_ type \n* **@return** _{Boolean}_  result\n\nAssert that an object is of type. Will first\ncheck natives, and if that does not pass it will\nuse the user defined custom tests.\n\n```js\nassert(lib.test(\'1\', \'int\'));\nassert(lib.test(\'yes\', \'bln\'));\n```\n\n\n\n\n## License\n\n(The MIT License)\n\nCopyright (c) 2013 Jake Luer <jake@alogicalparadox.com> (http://alogicalparadox.com)\n\nPermission is hereby granted, free of charge, to any person obtaining a copy\nof this software and associated documentation files (the "Software"), to deal\nin the Software without restriction, including without limitation the rights\nto use, copy, modify, merge, publish, distribute, sublicense, and/or sell\ncopies of the Software, and to permit persons to whom the Software is\nfurnished to do so, subject to the following conditions:\n\nThe above copyright notice and this permission notice shall be included in\nall copies or substantial portions of the Software.\n\nTHE SOFTWARE IS PROVIDED "AS IS", WITHOUT WARRANTY OF ANY KIND, EXPRESS OR\nIMPLIED, INCLUDING BUT NOT LIMITED TO THE WARRANTIES OF MERCHANTABILITY,\nFITNESS FOR A PARTICULAR PURPOSE AND NONINFRINGEMENT. IN NO EVENT SHALL THE\nAUTHORS OR COPYRIGHT HOLDERS BE LIABLE FOR ANY CLAIM, DAMAGES OR OTHER\nLIABILITY, WHETHER IN AN ACTION OF CONTRACT, TORT OR OTHERWISE, ARISING FROM,\nOUT OF OR IN CONNECTION WITH THE SOFTWARE OR THE USE OR OTHER DEALINGS IN\nTHE SOFTWARE.\n',
256 silly resolved     readmeFilename: 'README.md',
256 silly resolved     bugs: { url: 'https://github.com/chaijs/type-detect/issues' },
256 silly resolved     _id: 'type-detect@0.1.1',
256 silly resolved     _from: 'type-detect@0.1.1' } ]
257 info install type-detect@0.1.1 into /home/mhill/User-List---Matt--User-List---Matt-/node_modules/chai/node_modules/deep-eql
258 info installOne type-detect@0.1.1
259 info /home/mhill/User-List---Matt--User-List---Matt-/node_modules/chai/node_modules/deep-eql/node_modules/type-detect unbuild
260 verbose tar unpack /root/.npm/type-detect/0.1.1/package.tgz
261 silly lockFile 5550efde-eep-eql-node-modules-type-detect tar:///home/mhill/User-List---Matt--User-List---Matt-/node_modules/chai/node_modules/deep-eql/node_modules/type-detect
262 verbose lock tar:///home/mhill/User-List---Matt--User-List---Matt-/node_modules/chai/node_modules/deep-eql/node_modules/type-detect /root/.npm/5550efde-eep-eql-node-modules-type-detect.lock
263 silly lockFile ce1ae662-pm-type-detect-0-1-1-package-tgz tar:///root/.npm/type-detect/0.1.1/package.tgz
264 verbose lock tar:///root/.npm/type-detect/0.1.1/package.tgz /root/.npm/ce1ae662-pm-type-detect-0-1-1-package-tgz.lock
265 silly gunzTarPerm modes [ '755', '644' ]
266 silly gunzTarPerm extractEntry package.json
267 silly gunzTarPerm extractEntry .npmignore
268 silly gunzTarPerm extractEntry README.md
269 silly gunzTarPerm extractEntry index.js
270 silly gunzTarPerm extractEntry History.md
271 silly gunzTarPerm extractEntry lib/type.js
272 silly lockFile 5550efde-eep-eql-node-modules-type-detect tar:///home/mhill/User-List---Matt--User-List---Matt-/node_modules/chai/node_modules/deep-eql/node_modules/type-detect
273 silly lockFile 5550efde-eep-eql-node-modules-type-detect tar:///home/mhill/User-List---Matt--User-List---Matt-/node_modules/chai/node_modules/deep-eql/node_modules/type-detect
274 silly lockFile ce1ae662-pm-type-detect-0-1-1-package-tgz tar:///root/.npm/type-detect/0.1.1/package.tgz
275 silly lockFile ce1ae662-pm-type-detect-0-1-1-package-tgz tar:///root/.npm/type-detect/0.1.1/package.tgz
276 info preinstall type-detect@0.1.1
277 verbose readDependencies using package.json deps
278 verbose readDependencies using package.json deps
279 silly resolved []
280 verbose about to build /home/mhill/User-List---Matt--User-List---Matt-/node_modules/chai/node_modules/deep-eql/node_modules/type-detect
281 info build /home/mhill/User-List---Matt--User-List---Matt-/node_modules/chai/node_modules/deep-eql/node_modules/type-detect
282 verbose linkStuff [ false,
282 verbose linkStuff   false,
282 verbose linkStuff   false,
282 verbose linkStuff   '/home/mhill/User-List---Matt--User-List---Matt-/node_modules/chai/node_modules/deep-eql/node_modules' ]
283 info linkStuff type-detect@0.1.1
284 verbose linkBins type-detect@0.1.1
285 verbose linkMans type-detect@0.1.1
286 verbose rebuildBundles type-detect@0.1.1
287 info install type-detect@0.1.1
288 info postinstall type-detect@0.1.1
289 verbose about to build /home/mhill/User-List---Matt--User-List---Matt-/node_modules/chai/node_modules/deep-eql
290 info build /home/mhill/User-List---Matt--User-List---Matt-/node_modules/chai/node_modules/deep-eql
291 verbose linkStuff [ false,
291 verbose linkStuff   false,
291 verbose linkStuff   false,
291 verbose linkStuff   '/home/mhill/User-List---Matt--User-List---Matt-/node_modules/chai/node_modules' ]
292 info linkStuff deep-eql@0.1.3
293 verbose linkBins deep-eql@0.1.3
294 verbose linkMans deep-eql@0.1.3
295 verbose rebuildBundles deep-eql@0.1.3
296 verbose rebuildBundles [ 'type-detect' ]
297 info install deep-eql@0.1.3
298 info postinstall deep-eql@0.1.3
299 verbose about to build /home/mhill/User-List---Matt--User-List---Matt-/node_modules/chai
300 info build /home/mhill/User-List---Matt--User-List---Matt-/node_modules/chai
301 verbose linkStuff [ false,
301 verbose linkStuff   false,
301 verbose linkStuff   false,
301 verbose linkStuff   '/home/mhill/User-List---Matt--User-List---Matt-/node_modules' ]
302 info linkStuff chai@3.5.0
303 verbose linkBins chai@3.5.0
304 verbose linkMans chai@3.5.0
305 verbose rebuildBundles chai@3.5.0
306 verbose rebuildBundles [ 'assertion-error', 'deep-eql', 'type-detect' ]
307 info install chai@3.5.0
308 info postinstall chai@3.5.0
309 error peerinvalid The package grunt does not satisfy its siblings' peerDependencies requirements!
309 error peerinvalid Peer grunt-shell@0.7.0 wants grunt@~0.4.0
309 error peerinvalid Peer grunt-contrib-jshint@0.11.3 wants grunt@>=0.4.0
309 error peerinvalid Peer grunt-nodemon@0.2.0 wants grunt@~0.4.1
309 error peerinvalid Peer grunt-concurrent@2.3.0 wants grunt@>=0.4.0
310 error System Linux 3.10.0-327.22.2.el7.x86_64
311 error command "node" "/bin/npm" "install" "chai" "-D"
312 error cwd /home/mhill/User-List---Matt--User-List---Matt-
313 error node -v v0.10.42
314 error npm -v 1.3.6
315 error code EPEERINVALID
316 verbose exit [ 1, true ]
